<?xml version="1.0" encoding="UTF-8"?>
<!-- Generated by org.testng.reporters.JUnitReportReporter -->
<testsuite hostname="DESKTOP-SJ7E9CF" failures="0" tests="3" name="com.testcases.searchTest" time="144.427" errors="0" timestamp="2021-12-15T08:08:52 IST" skipped="0">
  <testcase classname="com.testcases.searchTest" name="searchFruits" time="48.333"/>
  <system-out/>
  <testcase classname="com.testcases.searchTest" name="searchVegetables" time="41.623"/>
  <system-out/>
  <testcase classname="com.testcases.searchTest" name="searchOil" time="54.471"/>
  <system-out/>
</testsuite> <!-- com.testcases.searchTest -->
