<?xml version="1.0" encoding="UTF-8"?>
<!-- Generated by org.testng.reporters.JUnitReportReporter -->
<testsuite hostname="DESKTOP-SJ7E9CF" failures="0" tests="1" name="com.testcases.changeLocationTest" time="51.362" errors="0" timestamp="2021-12-15T08:08:52 IST" skipped="0">
  <testcase classname="com.testcases.changeLocationTest" name="changeLocation" time="51.362"/>
  <system-out/>
</testsuite> <!-- com.testcases.changeLocationTest -->
