<?xml version="1.0" encoding="UTF-8"?>
<!-- Generated by org.testng.reporters.JUnitReportReporter -->
<testsuite hostname="DESKTOP-SJ7E9CF" failures="0" tests="2" name="com.testcases.loginpageTest" time="96.117" errors="0" timestamp="2021-12-15T08:08:52 IST" skipped="0">
  <testcase classname="com.testcases.loginpageTest" name="loginTest" time="41.231"/>
  <system-out/>
  <testcase classname="com.testcases.loginpageTest" name="titleTest" time="54.886"/>
  <system-out/>
</testsuite> <!-- com.testcases.loginpageTest -->
