<?xml version="1.0" encoding="UTF-8"?>
<!-- Generated by org.testng.reporters.JUnitReportReporter -->
<testsuite hostname="DESKTOP-SJ7E9CF" failures="0" tests="1" name="com.testcases.BuyItemTest" time="25.877" errors="0" timestamp="2021-12-15T08:08:52 IST" skipped="0">
  <testcase classname="com.testcases.BuyItemTest" name="orderItems" time="25.877"/>
  <system-out/>
</testsuite> <!-- com.testcases.BuyItemTest -->
